2024/08/06 08:16:41 [notice] 16#16: using the "epoll" event method
2024/08/06 08:16:41 [notice] 16#16: nginx/1.25.2
2024/08/06 08:16:41 [notice] 16#16: built by gcc 10.2.1 20210110 (Debian 10.2.1-6) 
2024/08/06 08:16:41 [notice] 16#16: OS: Linux 5.4.0-190-generic
2024/08/06 08:16:41 [notice] 16#16: getrlimit(RLIMIT_NOFILE): 1048576:1048576
2024/08/06 08:16:41 [notice] 16#16: start worker processes
2024/08/06 08:16:41 [notice] 16#16: start worker process 17
2024/08/06 08:16:41 [notice] 16#16: start worker process 18
2024/08/06 08:16:41 [notice] 16#16: start worker process 19
2024/08/06 08:16:41 [notice] 16#16: start worker process 20
2024/08/06 08:16:41 [notice] 16#16: start worker process 21
2024/08/06 08:16:41 [notice] 16#16: start worker process 22
2024/08/06 08:46:20 [notice] 16#16: using the "epoll" event method
2024/08/06 08:46:20 [notice] 16#16: nginx/1.25.2
2024/08/06 08:46:20 [notice] 16#16: built by gcc 10.2.1 20210110 (Debian 10.2.1-6) 
2024/08/06 08:46:20 [notice] 16#16: OS: Linux 5.4.0-190-generic
2024/08/06 08:46:20 [notice] 16#16: getrlimit(RLIMIT_NOFILE): 1048576:1048576
2024/08/06 08:46:20 [notice] 16#16: start worker processes
2024/08/06 08:46:20 [notice] 16#16: start worker process 17
2024/08/06 08:46:20 [notice] 16#16: start worker process 18
2024/08/06 08:46:20 [notice] 16#16: start worker process 19
2024/08/06 08:46:20 [notice] 16#16: start worker process 20
2024/08/06 08:46:20 [notice] 16#16: start worker process 21
2024/08/06 08:46:20 [notice] 16#16: start worker process 22
2024/08/06 08:50:40 [notice] 16#16: using the "epoll" event method
2024/08/06 08:50:40 [notice] 16#16: nginx/1.25.2
2024/08/06 08:50:40 [notice] 16#16: built by gcc 10.2.1 20210110 (Debian 10.2.1-6) 
2024/08/06 08:50:40 [notice] 16#16: OS: Linux 5.4.0-190-generic
2024/08/06 08:50:40 [notice] 16#16: getrlimit(RLIMIT_NOFILE): 1048576:1048576
2024/08/06 08:50:40 [notice] 16#16: start worker processes
2024/08/06 08:50:40 [notice] 16#16: start worker process 17
2024/08/06 08:50:40 [notice] 16#16: start worker process 18
2024/08/06 08:50:40 [notice] 16#16: start worker process 19
2024/08/06 08:50:40 [notice] 16#16: start worker process 20
2024/08/06 08:50:40 [notice] 16#16: start worker process 21
2024/08/06 08:50:40 [notice] 16#16: start worker process 22
2024/08/06 08:59:00 [notice] 15#15: using the "epoll" event method
2024/08/06 08:59:00 [notice] 15#15: nginx/1.25.2
2024/08/06 08:59:00 [notice] 15#15: built by gcc 10.2.1 20210110 (Debian 10.2.1-6) 
2024/08/06 08:59:00 [notice] 15#15: OS: Linux 5.4.0-190-generic
2024/08/06 08:59:00 [notice] 15#15: getrlimit(RLIMIT_NOFILE): 1048576:1048576
2024/08/06 08:59:00 [notice] 15#15: start worker processes
2024/08/06 08:59:00 [notice] 15#15: start worker process 16
2024/08/06 08:59:00 [notice] 15#15: start worker process 17
2024/08/06 08:59:00 [notice] 15#15: start worker process 18
2024/08/06 08:59:00 [notice] 15#15: start worker process 19
2024/08/06 08:59:00 [notice] 15#15: start worker process 20
2024/08/06 08:59:00 [notice] 15#15: start worker process 21
2024/08/06 09:04:26 [notice] 16#16: using the "epoll" event method
2024/08/06 09:04:26 [notice] 16#16: nginx/1.25.2
2024/08/06 09:04:26 [notice] 16#16: built by gcc 10.2.1 20210110 (Debian 10.2.1-6) 
2024/08/06 09:04:26 [notice] 16#16: OS: Linux 5.4.0-190-generic
2024/08/06 09:04:26 [notice] 16#16: getrlimit(RLIMIT_NOFILE): 1048576:1048576
2024/08/06 09:04:26 [notice] 16#16: start worker processes
2024/08/06 09:04:26 [notice] 16#16: start worker process 17
2024/08/06 09:04:26 [notice] 16#16: start worker process 18
2024/08/06 09:04:26 [notice] 16#16: start worker process 19
2024/08/06 09:04:26 [notice] 16#16: start worker process 20
2024/08/06 09:04:26 [notice] 16#16: start worker process 21
2024/08/06 09:04:26 [notice] 16#16: start worker process 22
2024/08/06 09:12:29 [notice] 16#16: using the "epoll" event method
2024/08/06 09:12:29 [notice] 16#16: nginx/1.25.2
2024/08/06 09:12:29 [notice] 16#16: built by gcc 10.2.1 20210110 (Debian 10.2.1-6) 
2024/08/06 09:12:29 [notice] 16#16: OS: Linux 5.4.0-190-generic
2024/08/06 09:12:29 [notice] 16#16: getrlimit(RLIMIT_NOFILE): 1048576:1048576
2024/08/06 09:12:29 [notice] 16#16: start worker processes
2024/08/06 09:12:29 [notice] 16#16: start worker process 17
2024/08/06 09:12:29 [notice] 16#16: start worker process 18
2024/08/06 09:12:29 [notice] 16#16: start worker process 19
2024/08/06 09:12:29 [notice] 16#16: start worker process 20
2024/08/06 09:12:29 [notice] 16#16: start worker process 21
2024/08/06 09:12:29 [notice] 16#16: start worker process 22
2024/08/06 09:16:12 [notice] 16#16: using the "epoll" event method
2024/08/06 09:16:12 [notice] 16#16: nginx/1.25.2
2024/08/06 09:16:12 [notice] 16#16: built by gcc 10.2.1 20210110 (Debian 10.2.1-6) 
2024/08/06 09:16:12 [notice] 16#16: OS: Linux 5.4.0-190-generic
2024/08/06 09:16:12 [notice] 16#16: getrlimit(RLIMIT_NOFILE): 1048576:1048576
2024/08/06 09:16:12 [notice] 16#16: start worker processes
2024/08/06 09:16:12 [notice] 16#16: start worker process 17
2024/08/06 09:16:12 [notice] 16#16: start worker process 18
2024/08/06 09:16:12 [notice] 16#16: start worker process 19
2024/08/06 09:16:12 [notice] 16#16: start worker process 20
2024/08/06 09:16:12 [notice] 16#16: start worker process 21
2024/08/06 09:16:12 [notice] 16#16: start worker process 22
2024/08/06 09:35:19 [notice] 16#16: using the "epoll" event method
2024/08/06 09:35:19 [notice] 16#16: nginx/1.25.2
2024/08/06 09:35:19 [notice] 16#16: built by gcc 10.2.1 20210110 (Debian 10.2.1-6) 
2024/08/06 09:35:19 [notice] 16#16: OS: Linux 5.4.0-190-generic
2024/08/06 09:35:19 [notice] 16#16: getrlimit(RLIMIT_NOFILE): 1048576:1048576
2024/08/06 09:35:19 [notice] 16#16: start worker processes
2024/08/06 09:35:19 [notice] 16#16: start worker process 17
2024/08/06 09:35:19 [notice] 16#16: start worker process 18
2024/08/06 09:35:19 [notice] 16#16: start worker process 19
2024/08/06 09:35:19 [notice] 16#16: start worker process 20
2024/08/06 09:35:19 [notice] 16#16: start worker process 21
2024/08/06 09:35:19 [notice] 16#16: start worker process 22
2024/08/07 03:03:04 [notice] 16#16: using the "epoll" event method
2024/08/07 03:03:04 [notice] 16#16: nginx/1.25.2
2024/08/07 03:03:04 [notice] 16#16: built by gcc 10.2.1 20210110 (Debian 10.2.1-6) 
2024/08/07 03:03:04 [notice] 16#16: OS: Linux 5.4.0-190-generic
2024/08/07 03:03:04 [notice] 16#16: getrlimit(RLIMIT_NOFILE): 1048576:1048576
2024/08/07 03:03:04 [notice] 16#16: start worker processes
2024/08/07 03:03:04 [notice] 16#16: start worker process 17
2024/08/07 03:03:04 [notice] 16#16: start worker process 18
2024/08/07 03:03:04 [notice] 16#16: start worker process 19
2024/08/07 03:03:04 [notice] 16#16: start worker process 20
2024/08/07 03:03:04 [notice] 16#16: start worker process 21
2024/08/07 03:03:04 [notice] 16#16: start worker process 22
2024/08/08 07:56:59 [notice] 15#15: using the "epoll" event method
2024/08/08 07:56:59 [notice] 15#15: nginx/1.25.2
2024/08/08 07:56:59 [notice] 15#15: built by gcc 10.2.1 20210110 (Debian 10.2.1-6) 
2024/08/08 07:56:59 [notice] 15#15: OS: Linux 5.4.0-190-generic
2024/08/08 07:56:59 [notice] 15#15: getrlimit(RLIMIT_NOFILE): 1048576:1048576
2024/08/08 07:56:59 [notice] 15#15: start worker processes
2024/08/08 07:56:59 [notice] 15#15: start worker process 16
2024/08/08 07:56:59 [notice] 15#15: start worker process 17
2024/08/08 07:56:59 [notice] 15#15: start worker process 18
2024/08/08 07:56:59 [notice] 15#15: start worker process 19
2024/08/08 07:56:59 [notice] 15#15: start worker process 20
2024/08/08 07:56:59 [notice] 15#15: start worker process 21
2024/08/26 06:34:18 [notice] 16#16: using the "epoll" event method
2024/08/26 06:34:18 [notice] 16#16: nginx/1.25.2
2024/08/26 06:34:18 [notice] 16#16: built by gcc 10.2.1 20210110 (Debian 10.2.1-6) 
2024/08/26 06:34:18 [notice] 16#16: OS: Linux 5.4.0-193-generic
2024/08/26 06:34:18 [notice] 16#16: getrlimit(RLIMIT_NOFILE): 1048576:1048576
2024/08/26 06:34:18 [notice] 16#16: start worker processes
2024/08/26 06:34:18 [notice] 16#16: start worker process 17
2024/08/26 06:34:18 [notice] 16#16: start worker process 18
2024/08/26 06:34:18 [notice] 16#16: start worker process 19
2024/08/26 06:34:18 [notice] 16#16: start worker process 20
2024/08/26 06:34:18 [notice] 16#16: start worker process 21
2024/08/26 06:34:18 [notice] 16#16: start worker process 22
2024/08/26 06:36:48 [notice] 16#16: using the "epoll" event method
2024/08/26 06:36:48 [notice] 16#16: nginx/1.25.2
2024/08/26 06:36:48 [notice] 16#16: built by gcc 10.2.1 20210110 (Debian 10.2.1-6) 
2024/08/26 06:36:48 [notice] 16#16: OS: Linux 5.4.0-193-generic
2024/08/26 06:36:48 [notice] 16#16: getrlimit(RLIMIT_NOFILE): 1048576:1048576
2024/08/26 06:36:48 [notice] 16#16: start worker processes
2024/08/26 06:36:48 [notice] 16#16: start worker process 17
2024/08/26 06:36:48 [notice] 16#16: start worker process 18
2024/08/26 06:36:48 [notice] 16#16: start worker process 19
2024/08/26 06:36:48 [notice] 16#16: start worker process 20
2024/08/26 06:36:48 [notice] 16#16: start worker process 21
2024/08/26 06:36:48 [notice] 16#16: start worker process 22
